[debug] [2023-07-28T11:02:33.705Z] ----------------------------------------------------------------------
[debug] [2023-07-28T11:02:33.708Z] Command:       C:\Program Files\nodejs\node.exe C:\Users\katni\AppData\Roaming\npm\node_modules\firebase-tools\lib\bin\firebase.js init
[debug] [2023-07-28T11:02:33.708Z] CLI Version:   12.4.6
[debug] [2023-07-28T11:02:33.709Z] Platform:      win32
[debug] [2023-07-28T11:02:33.709Z] Node Version:  v18.16.1
[debug] [2023-07-28T11:02:33.710Z] Time:          Fri Jul 28 2023 14:02:33 GMT+0300 (за східноєвропейським літнім часом)
[debug] [2023-07-28T11:02:33.710Z] ----------------------------------------------------------------------
[debug] 
[debug] [2023-07-28T11:02:33.719Z] > command requires scopes: ["email","openid","https://www.googleapis.com/auth/cloudplatformprojects.readonly","https://www.googleapis.com/auth/firebase","https://www.googleapis.com/auth/cloud-platform"]
[debug] [2023-07-28T11:02:33.720Z] > authorizing via signed-in user (katniss30051991@gmail.com)
[info] 
     ######## #### ########  ######## ########     ###     ######  ########
     ##        ##  ##     ## ##       ##     ##  ##   ##  ##       ##
     ######    ##  ########  ######   ########  #########  ######  ######
     ##        ##  ##    ##  ##       ##     ## ##     ##       ## ##
     ##       #### ##     ## ######## ########  ##     ##  ######  ########

You're about to initialize a Firebase project in this directory:

  D:\Projects\React projects\AwesomeProject

[info] 
=== Project Setup
[info] 
[info] First, let's associate this project directory with a Firebase project.
[info] You can create multiple project aliases by running firebase use --add, 
[info] but for now we'll just set up a default project.
[info] 
[debug] [2023-07-28T11:04:43.981Z] >>> [apiv2][query] GET https://firebase.googleapis.com/v1beta1/projects pageSize=100
[debug] [2023-07-28T11:04:44.678Z] <<< [apiv2][status] GET https://firebase.googleapis.com/v1beta1/projects 200
[debug] [2023-07-28T11:04:44.678Z] <<< [apiv2][body] GET https://firebase.googleapis.com/v1beta1/projects [omitted]
[info] i  Using project awesomeproject-1e78b (AwesomeProject) 
[info] 
=== Database Setup
[info] i  database: ensuring required API firebasedatabase.googleapis.com is enabled... 
[debug] [2023-07-28T11:04:50.277Z] >>> [apiv2][query] GET https://serviceusage.googleapis.com/v1/projects/awesomeproject-1e78b/services/firebasedatabase.googleapis.com [none]
[debug] [2023-07-28T11:04:50.277Z] >>> [apiv2][(partial)header] GET https://serviceusage.googleapis.com/v1/projects/awesomeproject-1e78b/services/firebasedatabase.googleapis.com x-goog-quota-user=projects/awesomeproject-1e78b
[debug] [2023-07-28T11:04:51.403Z] <<< [apiv2][status] GET https://serviceusage.googleapis.com/v1/projects/awesomeproject-1e78b/services/firebasedatabase.googleapis.com 200
[debug] [2023-07-28T11:04:51.404Z] <<< [apiv2][body] GET https://serviceusage.googleapis.com/v1/projects/awesomeproject-1e78b/services/firebasedatabase.googleapis.com [omitted]
[warn] !  database: missing required API firebasedatabase.googleapis.com. Enabling now... 
[debug] [2023-07-28T11:04:51.407Z] >>> [apiv2][query] POST https://serviceusage.googleapis.com/v1/projects/awesomeproject-1e78b/services/firebasedatabase.googleapis.com:enable [none]
[debug] [2023-07-28T11:04:51.407Z] >>> [apiv2][(partial)header] POST https://serviceusage.googleapis.com/v1/projects/awesomeproject-1e78b/services/firebasedatabase.googleapis.com:enable x-goog-quota-user=projects/awesomeproject-1e78b
[debug] [2023-07-28T11:04:52.903Z] <<< [apiv2][status] POST https://serviceusage.googleapis.com/v1/projects/awesomeproject-1e78b/services/firebasedatabase.googleapis.com:enable 200
[debug] [2023-07-28T11:04:52.903Z] <<< [apiv2][body] POST https://serviceusage.googleapis.com/v1/projects/awesomeproject-1e78b/services/firebasedatabase.googleapis.com:enable [omitted]
[debug] [2023-07-28T11:05:02.915Z] >>> [apiv2][query] GET https://serviceusage.googleapis.com/v1/projects/awesomeproject-1e78b/services/firebasedatabase.googleapis.com [none]
[debug] [2023-07-28T11:05:02.915Z] >>> [apiv2][(partial)header] GET https://serviceusage.googleapis.com/v1/projects/awesomeproject-1e78b/services/firebasedatabase.googleapis.com x-goog-quota-user=projects/awesomeproject-1e78b
[debug] [2023-07-28T11:05:04.045Z] <<< [apiv2][status] GET https://serviceusage.googleapis.com/v1/projects/awesomeproject-1e78b/services/firebasedatabase.googleapis.com 200
[debug] [2023-07-28T11:05:04.045Z] <<< [apiv2][body] GET https://serviceusage.googleapis.com/v1/projects/awesomeproject-1e78b/services/firebasedatabase.googleapis.com [omitted]
[info] +  database: required API firebasedatabase.googleapis.com is enabled 
[info] 
[debug] [2023-07-28T11:05:04.058Z] >>> [apiv2][query] GET https://firebase.googleapis.com/v1beta1/projects/awesomeproject-1e78b [none]
[debug] [2023-07-28T11:05:04.401Z] <<< [apiv2][status] GET https://firebase.googleapis.com/v1beta1/projects/awesomeproject-1e78b 200
[debug] [2023-07-28T11:05:04.402Z] <<< [apiv2][body] GET https://firebase.googleapis.com/v1beta1/projects/awesomeproject-1e78b {"projectId":"awesomeproject-1e78b","projectNumber":"538963859188","displayName":"AwesomeProject","name":"projects/awesomeproject-1e78b","resources":{"hostingSite":"awesomeproject-1e78b"},"state":"ACTIVE","etag":"1_2938da9b-4a43-4294-a965-43347c244568"}
[debug] [2023-07-28T11:05:19.461Z] >>> [apiv2][query] POST https://firebasedatabase.googleapis.com/v1beta/projects/awesomeproject-1e78b/locations/europe-west1/instances databaseId=awesomeproject-1e78b-default-rtdb&validateOnly=true
[debug] [2023-07-28T11:05:19.461Z] >>> [apiv2][body] POST https://firebasedatabase.googleapis.com/v1beta/projects/awesomeproject-1e78b/locations/europe-west1/instances {"type":"default_database"}
[debug] [2023-07-28T11:05:20.621Z] <<< [apiv2][status] POST https://firebasedatabase.googleapis.com/v1beta/projects/awesomeproject-1e78b/locations/europe-west1/instances 200
[debug] [2023-07-28T11:05:20.621Z] <<< [apiv2][body] POST https://firebasedatabase.googleapis.com/v1beta/projects/awesomeproject-1e78b/locations/europe-west1/instances {"name":"projects/538963859188/locations/europe-west1/instances/awesomeproject-1e78b-default-rtdb","project":"projects/538963859188","databaseUrl":"https://awesomeproject-1e78b-default-rtdb.europe-west1.firebasedatabase.app","type":"DEFAULT_DATABASE","state":"ACTIVE"}
[debug] [2023-07-28T11:05:20.623Z] >>> [apiv2][query] POST https://firebasedatabase.googleapis.com/v1beta/projects/awesomeproject-1e78b/locations/europe-west1/instances databaseId=awesomeproject-1e78b-default-rtdb
[debug] [2023-07-28T11:05:20.624Z] >>> [apiv2][body] POST https://firebasedatabase.googleapis.com/v1beta/projects/awesomeproject-1e78b/locations/europe-west1/instances {"type":"default_database"}
[debug] [2023-07-28T11:05:21.815Z] <<< [apiv2][status] POST https://firebasedatabase.googleapis.com/v1beta/projects/awesomeproject-1e78b/locations/europe-west1/instances 200
[debug] [2023-07-28T11:05:21.816Z] <<< [apiv2][body] POST https://firebasedatabase.googleapis.com/v1beta/projects/awesomeproject-1e78b/locations/europe-west1/instances {"name":"projects/538963859188/locations/europe-west1/instances/awesomeproject-1e78b-default-rtdb","project":"projects/538963859188","databaseUrl":"https://awesomeproject-1e78b-default-rtdb.europe-west1.firebasedatabase.app","type":"DEFAULT_DATABASE","state":"ACTIVE"}
[info] 
[info] Firebase Realtime Database Security Rules allow you to define how your data should be
[info] structured and when your data can be read from and written to.
[info] 
